Options   orientation=PORTRAIT paper_size=A4 mark_cell=1 
          filepath= 0 rows= 2 columns= 1 font_height=12 
          xmargin=  0.15 ymargin=  0.10 page_xmargin=  0.00 
          page_ymargin=  0.00 page_scale=  1.00 zoom=  1.00 
          xcentre=  0.00 ycentre=  0.00 tl0=100.00 rhoc= 2.900 
          rhom= 3.300 z0=160.000 tmax= 2.500 elev0= 0.250 
          bgam0= 0.072 bgam1= 0.139 ndivr= 20.0 s0=  0.0 
          dels= 0.025 delom=10.000 nx3=  423 mp=21 mpe= 6 
          np=21 contour_plot=shade+lines profile_pts=  51 
          flip= 0 dble= 0 label= 1 stipple= 0 solution_rot= 0 
          foreground=  1 linestyle=solid linewidth=  1.00 
          colour=standard bar=vertical visc_min=  0.00 
          visc_max=  0.00 se_min=  0.00 se_max=  0.00 
          clip_to_cell= 0 verbose= 0 ticmarks=external 
Title     "JF1.4"
Locate    0	0
File      FD.sols/JF1.4
Data_In   1	0
Contour   Velocity.Ux
          cntr.colour min=-0.050000 max=0.550000 scale=1.000000 bar=vertical
          cntr.line level=0.000000 step=0.050000 num=20.000000
Locate    1	0
File      FD.sols/JF1.4
Data_In   1	0
Contour   Velocity.Uy
          cntr.colour min=-0.100000 max=1.000000 scale=1.000000 bar=vertical
          cntr.line level=0.000000 step=0.100000 num=20.000000
Locate    1	0
File      FD.sols/JF1.4
Data_In   1	0
Arrow     Velocity
Options   foreground=  5 
Locate    0	0
File      FD.sols/JF1.4
Data_In   1	0
XYPlot    Mesh.internal_segments
Options   foreground=  1 
Label     "Velocity component Ux, internal structures superposed" Helvetica 12 1 4.284141 25.294167
Label     "Velocity component Uy, velocity arrows superposed" Helvetica 12 1 4.3 11.8
# bar -         [vertical/horizontal/none]
#               determines whether a colour bar appears and if it
#               will be vertical (on the right of the plot) or
#               horizontal (below the plot)
# colour -      [greyscale/standard]
#               specifies a standard colourmap or greyscale map 
#               greyscale useful for output to b/w postscript printers
# columns -     [1 -> 10]
# contour_plot -n[+m] where n,m can be shade,lines
# dble -        generate interpolation mesh 2 x nx3 x ny3
#               (for periodic faults)[0/1]
# flip -        not implemented
# font_height - point height for default font [usually 10/12/14]
#               This font size will be used for automatic labels
# foreground -  [0->7] 0=white(ps)/black(screen) default background
#                      1=black(ps)/white(screen) default foreground
#                      2=red   3=green  4=blue  5=cyan
#                      6=yellow  7=magenta
# label -       display default plot labels[0/1]
# linestyle -   [solid/dash/dot]. Applies to profile plots and marks,
#               arrows and xy-plots.
# linewidth -   [0.0->?] sets the width of all lines. (pixels or Post-
#               Script points (72/in)
# mark_cell -   [0/1] draw a dotted line around the current cell.
#               This option is ignored by Sybilps.
# mp   -        determines the number of arrows horizontally on an arrow plot
#               ie every mpth point in the x direction on the interpolation mesh
# mpe  -        controls the number of elements used in the mesh
#               deformation plots, ie if mpe=n then deformation is
#               calculated for every nth element
# np   -        determines the number of arrows vertically on an arrow plot
#               ie every npth point in the y direction on the interpolation mesh
# nx3  -        no. points (+2) in the x direction on the interpolation mesh
#               ny3 is calculated
# orientation - [LANDSCAPE/PORTRAIT]
# page_scale -  not implemented
# page_xmargin- [0.0] margin on left and right sides of the page,
#               expressed as a fraction of the page width.
# page_ymargin- [0.0] margin on top and bottom of the page,
#               expressed as a fraction of the page height.
# profile_pts - no. points across interpolation mesh for profiles
# rescale -     [0/1] rescale the next cell plotted. Scale is unchanged
#               until another rescale= 1 is read.
# rows -        [1 -> 10]
# solution_rot -rotate x, y co-ords and velocity field 90deg x this
#                value (anti-clockwise)
# stipple -     [0/1/2/3/4]
#               0 no stippling
#               1 stipple below contour level
#               2 stipple above contour level
#               3 stipple if abs value above contour level
#               4 stipple if abs value below contour level
# text_bg -     [0/1] fill a background rectangle behind the text
# ticmarks -    [internal/external/centred/none] draw tickmarks on the
#               axes of profile plots
# verbose -     output from Fortran write statements is sent to standard
#               out, ie screen or redirect to a file. 
# xmargin -     [0.15] determines the margin on the left and right of the
#               plot. Value is entered as a fraction of the cell width.
# ymargin -     [0.1] determines the margin above and below the plot.
#               Value is entered as a fraction of the cell height.
# zoom -        multiplies the plot scale by this factor.
# xcentre, ycentre -
#               The centre of the plot when zoom factor not 1.

